2019-10-08 10:14:43,842 - file - INFO - config path is: C:\Users\xjchenaf\PycharmProjects\ExcelTools\excel\file\config.ini
2019-10-08 10:14:43,842 - file - INFO - Can not find the config.ini
2019-10-08 10:18:28,776 - file - INFO - config path is: C:\Users\xjchenaf\PycharmProjects\ExcelTools\excel\file\config.ini
2019-10-08 10:19:52,615 - file - INFO - config path is: C:\Users\xjchenaf\PycharmProjects\ExcelTools\excel\file\config.ini
2019-10-08 10:19:54,716 - file - INFO - get config info section:Default - key:Exclude_Project_ID - value:CO\d+|
2019-10-08 10:20:28,279 - file - INFO - config path is: C:\Users\xjchenaf\PycharmProjects\ExcelTools\excel\file\config.ini
2019-10-08 10:20:30,122 - file - INFO - get config info section:Default - key:Exclude_Project_ID - value:CO\d+|
2019-10-08 10:20:58,917 - file - INFO - config path is: C:\Users\xjchenaf\PycharmProjects\ExcelTools\excel\file\config.ini
2019-10-08 10:21:01,154 - file - INFO - get config info section:Default - key:Exclude_Project_ID - value:CO\d+|
2019-10-08 10:21:12,140 - file - INFO - config path is: C:\Users\xjchenaf\PycharmProjects\ExcelTools\excel\file\config.ini
2019-10-08 10:21:13,665 - file - INFO - get config info section:Default - key:Exclude_Project_ID - value:CO\d+|
2019-10-08 10:24:22,589 - file - INFO - config path is: C:\Users\xjchenaf\PycharmProjects\ExcelTools\excel\file\config.ini
2019-10-08 10:26:46,858 - file - INFO - config path is: C:\Users\xjchenaf\PycharmProjects\ExcelTools\excel\file\config.ini
2019-10-08 10:27:53,789 - file - INFO - config path is: C:\Users\xjchenaf\PycharmProjects\ExcelTools\excel\file\config.ini
2019-10-08 10:27:55,848 - file - INFO - get config info section:Default - key:Exclude_Project_ID - value:CO\d+|
2019-10-08 10:27:56,424 - file - INFO - get config info section:Weight - key:weight_sheet_name - value:权重
2019-10-08 10:27:58,749 - file - INFO - get config info section:Weight - key:weight_col_name - value:成都|杭州|深圳|西安|南京|北京|苏州
2019-10-08 10:28:16,382 - file - INFO - config path is: C:\Users\xjchenaf\PycharmProjects\ExcelTools\excel\file\config.ini
2019-10-08 10:28:17,029 - file - INFO - get config info section:Default - key:Exclude_Project_ID - value:CO\d+|
2019-10-08 10:28:17,793 - file - INFO - get config info section:Weight - key:weight_sheet_name - value:权重
2019-10-08 10:28:18,426 - file - INFO - get config info section:Weight - key:weight_col_name - value:成都|杭州|深圳|西安|南京|北京|苏州
2019-10-08 10:28:36,555 - file - INFO - config path is: C:\Users\xjchenaf\PycharmProjects\ExcelTools\excel\file\config.ini
2019-10-08 10:28:36,559 - file - INFO - get config info section:Default - key:Exclude_Project_ID - value:CO\d+|
2019-10-08 10:28:36,559 - file - INFO - get config info section:Weight - key:weight_sheet_name - value:权重
2019-10-08 10:28:36,559 - file - INFO - get config info section:Weight - key:weight_col_name - value:成都|杭州|深圳|西安|南京|北京|苏州
2019-10-08 10:28:39,279 - file - INFO - config path is: C:\Users\xjchenaf\PycharmProjects\ExcelTools\excel\file\config.ini
2019-10-08 10:28:39,282 - file - INFO - get config info section:Default - key:Exclude_Project_ID - value:CO\d+|
2019-10-08 10:28:39,283 - file - INFO - get config info section:Weight - key:weight_sheet_name - value:权重
2019-10-08 10:28:39,283 - file - INFO - get config info section:Weight - key:weight_col_name - value:成都|杭州|深圳|西安|南京|北京|苏州
2019-10-08 10:28:40,444 - file - INFO - config path is: C:\Users\xjchenaf\PycharmProjects\ExcelTools\excel\file\config.ini
2019-10-08 10:28:40,447 - file - INFO - get config info section:Default - key:Exclude_Project_ID - value:CO\d+|
2019-10-08 10:28:40,448 - file - INFO - get config info section:Weight - key:weight_sheet_name - value:权重
2019-10-08 10:28:40,448 - file - INFO - get config info section:Weight - key:weight_col_name - value:成都|杭州|深圳|西安|南京|北京|苏州
2019-10-08 10:31:14,581 - file - INFO - config path is: C:\Users\xjchenaf\PycharmProjects\ExcelTools\excel\file\config.ini
2019-10-08 10:31:14,584 - file - INFO - get config info section:Default - key:Exclude_Project_ID - value:CO\d+|
2019-10-08 10:31:14,585 - file - INFO - get config info section:Weight - key:weight_sheet_name - value:权重
2019-10-08 10:31:14,585 - file - INFO - get config info section:Weight - key:weight_col_name - value:成都|杭州|深圳|西安|南京|北京|苏州
2019-10-08 10:31:27,447 - file - INFO - config path is: C:\Users\xjchenaf\PycharmProjects\ExcelTools\excel\file\config.ini
2019-10-08 10:31:27,450 - file - INFO - get config info section:Default - key:Exclude_Project_ID - value:CO\d+|
2019-10-08 10:31:27,451 - file - INFO - get config info section:Weight - key:weight_sheet_name - value:权重
2019-10-08 10:31:27,451 - file - INFO - get config info section:Weight - key:weight_col_name - value:成都企业IT部|杭州企业IT部|深圳企业IT部|西安企业IT部|南京企业IT部|北京企业IT部|苏州企业IT部
2019-10-08 10:33:11,993 - file - INFO - config path is: C:\Users\xjchenaf\PycharmProjects\ExcelTools\excel\file\config.ini
2019-10-08 10:33:11,997 - file - INFO - get config info section:Default - key:Exclude_Project_ID - value:CO\d+|
2019-10-08 10:33:11,997 - file - INFO - get config info section:Weight - key:weight_sheet_name - value:权重
2019-10-08 10:33:11,997 - file - INFO - get config info section:Default - key:Cost_Center_Name - value:成都企业IT部|杭州企业IT部|深圳企业IT部|西安企业IT部|南京企业IT部|北京企业IT部|苏州企业IT部
2019-10-08 10:33:13,842 - file - INFO - config path is: C:\Users\xjchenaf\PycharmProjects\ExcelTools\excel\file\config.ini
2019-10-08 10:33:13,845 - file - INFO - get config info section:Default - key:Exclude_Project_ID - value:CO\d+|
2019-10-08 10:33:13,845 - file - INFO - get config info section:Weight - key:weight_sheet_name - value:权重
2019-10-08 10:33:13,846 - file - INFO - get config info section:Default - key:Cost_Center_Name - value:成都企业IT部|杭州企业IT部|深圳企业IT部|西安企业IT部|南京企业IT部|北京企业IT部|苏州企业IT部
2019-10-08 10:33:14,513 - file - INFO - config path is: C:\Users\xjchenaf\PycharmProjects\ExcelTools\excel\file\config.ini
2019-10-08 10:33:14,516 - file - INFO - get config info section:Default - key:Exclude_Project_ID - value:CO\d+|
2019-10-08 10:33:14,517 - file - INFO - get config info section:Weight - key:weight_sheet_name - value:权重
2019-10-08 10:33:14,517 - file - INFO - get config info section:Default - key:Cost_Center_Name - value:成都企业IT部|杭州企业IT部|深圳企业IT部|西安企业IT部|南京企业IT部|北京企业IT部|苏州企业IT部
2019-10-08 11:28:41,598 - file - INFO - config path is: C:\Users\xjchenaf\PycharmProjects\ExcelTools\excel\file\config.ini
2019-10-08 11:28:41,598 - file - INFO - config path is: C:\Users\xjchenaf\PycharmProjects\ExcelTools\excel\file\config.ini
2019-10-08 11:29:34,605 - file - INFO - config path is: C:\Users\xjchenaf\PycharmProjects\ExcelTools\excel\file\config.ini
2019-10-08 11:29:34,605 - file - INFO - config path is: C:\Users\xjchenaf\PycharmProjects\ExcelTools\excel\file\config.ini
2019-10-08 11:29:53,405 - file - INFO - config path is: C:\Users\xjchenaf\PycharmProjects\ExcelTools\excel\file\config.ini
2019-10-08 11:29:53,405 - file - INFO - config path is: C:\Users\xjchenaf\PycharmProjects\ExcelTools\excel\file\config.ini
2019-10-08 11:30:11,499 - file - INFO - config path is: C:\Users\xjchenaf\PycharmProjects\ExcelTools\excel\file\config.ini
2019-10-08 11:30:11,499 - file - INFO - config path is: C:\Users\xjchenaf\PycharmProjects\ExcelTools\excel\file\config.ini
2019-10-08 11:30:11,523 - file - INFO - get config info section:Weight - key:weight_sheet_name - value:权重
2019-10-08 11:30:11,523 - file - INFO - get config info section:Weight - key:weight_sheet_name - value:权重
2019-10-08 11:30:14,910 - file - INFO - get config info section:Default - key:Cost_Center_Name - value:成都企业IT部|杭州企业IT部|深圳企业IT部|西安企业IT部|南京企业IT部|北京企业IT部|苏州企业IT部
2019-10-08 11:30:14,910 - file - INFO - get config info section:Default - key:Cost_Center_Name - value:成都企业IT部|杭州企业IT部|深圳企业IT部|西安企业IT部|南京企业IT部|北京企业IT部|苏州企业IT部
2019-10-08 11:30:45,933 - file - INFO - config path is: C:\Users\xjchenaf\PycharmProjects\ExcelTools\excel\file\config.ini
2019-10-08 11:30:45,933 - file - INFO - config path is: C:\Users\xjchenaf\PycharmProjects\ExcelTools\excel\file\config.ini
2019-10-08 11:30:45,960 - file - INFO - get config info section:Weight - key:weight_sheet_name - value:权重
2019-10-08 11:30:45,960 - file - INFO - get config info section:Weight - key:weight_sheet_name - value:权重
2019-10-08 11:30:45,960 - file - INFO - get config info section:Default - key:Cost_Center_Name - value:成都企业IT部|杭州企业IT部|深圳企业IT部|西安企业IT部|南京企业IT部|北京企业IT部|苏州企业IT部
2019-10-08 11:30:45,960 - file - INFO - get config info section:Default - key:Cost_Center_Name - value:成都企业IT部|杭州企业IT部|深圳企业IT部|西安企业IT部|南京企业IT部|北京企业IT部|苏州企业IT部
2019-10-08 11:31:17,904 - file - INFO - config path is: C:\Users\xjchenaf\PycharmProjects\ExcelTools\excel\file\config.ini
2019-10-08 11:31:17,904 - file - INFO - config path is: C:\Users\xjchenaf\PycharmProjects\ExcelTools\excel\file\config.ini
2019-10-08 11:31:17,934 - file - INFO - get config info section:Weight - key:weight_sheet_name - value:权重
2019-10-08 11:31:17,934 - file - INFO - get config info section:Weight - key:weight_sheet_name - value:权重
2019-10-08 11:31:17,936 - file - INFO - get config info section:Default - key:Cost_Center_Name - value:成都企业IT部|杭州企业IT部|深圳企业IT部|西安企业IT部|南京企业IT部|北京企业IT部|苏州企业IT部
2019-10-08 11:31:17,936 - file - INFO - get config info section:Default - key:Cost_Center_Name - value:成都企业IT部|杭州企业IT部|深圳企业IT部|西安企业IT部|南京企业IT部|北京企业IT部|苏州企业IT部
2019-10-08 11:32:16,157 - file - INFO - config path is: C:\Users\xjchenaf\PycharmProjects\ExcelTools\excel\file\config.ini
2019-10-08 11:32:16,157 - file - INFO - config path is: C:\Users\xjchenaf\PycharmProjects\ExcelTools\excel\file\config.ini
2019-10-08 11:32:16,184 - file - INFO - get config info section:Weight - key:weight_sheet_name - value:权重
2019-10-08 11:32:16,184 - file - INFO - get config info section:Weight - key:weight_sheet_name - value:权重
2019-10-08 11:32:16,186 - file - INFO - get config info section:Default - key:Cost_Center_Name - value:成都企业IT部|杭州企业IT部|深圳企业IT部|西安企业IT部|南京企业IT部|北京企业IT部|苏州企业IT部
2019-10-08 11:32:16,186 - file - INFO - get config info section:Default - key:Cost_Center_Name - value:成都企业IT部|杭州企业IT部|深圳企业IT部|西安企业IT部|南京企业IT部|北京企业IT部|苏州企业IT部
2019-10-08 16:53:18,884 - file - INFO - config path is: C:\Users\xjchenaf\PycharmProjects\ExcelTools\excel\file\config.ini
2019-10-08 16:53:18,884 - file - INFO - config path is: C:\Users\xjchenaf\PycharmProjects\ExcelTools\excel\file\config.ini
2019-10-08 16:53:18,913 - file - INFO - get config info section:Weight - key:weight_sheet_name - value:权重
2019-10-08 16:53:18,913 - file - INFO - get config info section:Weight - key:weight_sheet_name - value:权重
2019-10-08 16:53:18,914 - file - INFO - get config info section:Default - key:Cost_Center_Name - value:成都企业IT部|杭州企业IT部|深圳企业IT部|西安企业IT部|南京企业IT部|北京企业IT部|苏州企业IT部
2019-10-08 16:53:18,914 - file - INFO - get config info section:Default - key:Cost_Center_Name - value:成都企业IT部|杭州企业IT部|深圳企业IT部|西安企业IT部|南京企业IT部|北京企业IT部|苏州企业IT部
2019-10-09 09:55:13,710 - file - INFO - config path is: C:\Users\xjchenaf\PycharmProjects\ExcelTools\excel\file\config.ini
2019-10-09 09:55:13,710 - file - INFO - config path is: C:\Users\xjchenaf\PycharmProjects\ExcelTools\excel\file\config.ini
2019-10-09 09:55:13,742 - file - INFO - get config info section:Weight - key:weight_sheet_name - value:权重
2019-10-09 09:55:13,742 - file - INFO - get config info section:Weight - key:weight_sheet_name - value:权重
2019-10-09 09:55:13,743 - file - INFO - get config info section:Default - key:Cost_Center_Name - value:成都企业IT部|杭州企业IT部|深圳企业IT部|西安企业IT部|南京企业IT部|北京企业IT部|苏州企业IT部
2019-10-09 09:55:13,743 - file - INFO - get config info section:Default - key:Cost_Center_Name - value:成都企业IT部|杭州企业IT部|深圳企业IT部|西安企业IT部|南京企业IT部|北京企业IT部|苏州企业IT部
2019-10-09 10:13:48,026 - file - INFO - config path is: C:\Users\xjchenaf\PycharmProjects\ExcelTools\excel\file\config.ini
2019-10-09 10:13:48,026 - file - INFO - config path is: C:\Users\xjchenaf\PycharmProjects\ExcelTools\excel\file\config.ini
2019-10-09 10:13:48,056 - file - INFO - get config info section:Weight - key:weight_sheet_name - value:权重
2019-10-09 10:13:48,056 - file - INFO - get config info section:Weight - key:weight_sheet_name - value:权重
2019-10-09 10:13:48,058 - file - INFO - get config info section:Default - key:Cost_Center_Name - value:成都企业IT部|杭州企业IT部|深圳企业IT部|西安企业IT部|南京企业IT部|北京企业IT部|苏州企业IT部
2019-10-09 10:13:48,058 - file - INFO - get config info section:Default - key:Cost_Center_Name - value:成都企业IT部|杭州企业IT部|深圳企业IT部|西安企业IT部|南京企业IT部|北京企业IT部|苏州企业IT部
2019-10-09 10:14:07,321 - file - INFO - config path is: C:\Users\xjchenaf\PycharmProjects\ExcelTools\excel\file\config.ini
2019-10-09 10:14:07,321 - file - INFO - config path is: C:\Users\xjchenaf\PycharmProjects\ExcelTools\excel\file\config.ini
2019-10-09 10:14:07,349 - file - INFO - get config info section:Weight - key:weight_sheet_name - value:权重
2019-10-09 10:14:07,349 - file - INFO - get config info section:Weight - key:weight_sheet_name - value:权重
2019-10-09 10:14:07,351 - file - INFO - get config info section:Default - key:Cost_Center_Name - value:成都企业IT部|杭州企业IT部|深圳企业IT部|西安企业IT部|南京企业IT部|北京企业IT部|苏州企业IT部
2019-10-09 10:14:07,351 - file - INFO - get config info section:Default - key:Cost_Center_Name - value:成都企业IT部|杭州企业IT部|深圳企业IT部|西安企业IT部|南京企业IT部|北京企业IT部|苏州企业IT部
2019-10-09 10:14:19,796 - file - INFO - config path is: C:\Users\xjchenaf\PycharmProjects\ExcelTools\excel\file\config.ini
2019-10-09 10:14:19,796 - file - INFO - config path is: C:\Users\xjchenaf\PycharmProjects\ExcelTools\excel\file\config.ini
2019-10-09 10:14:19,825 - file - INFO - get config info section:Weight - key:weight_sheet_name - value:权重
2019-10-09 10:14:19,825 - file - INFO - get config info section:Weight - key:weight_sheet_name - value:权重
2019-10-09 10:14:19,826 - file - INFO - get config info section:Default - key:Cost_Center_Name - value:成都企业IT部|杭州企业IT部|深圳企业IT部|西安企业IT部|南京企业IT部|北京企业IT部|苏州企业IT部
2019-10-09 10:14:19,826 - file - INFO - get config info section:Default - key:Cost_Center_Name - value:成都企业IT部|杭州企业IT部|深圳企业IT部|西安企业IT部|南京企业IT部|北京企业IT部|苏州企业IT部
2019-10-09 10:16:06,989 - file - INFO - config path is: C:\Users\xjchenaf\PycharmProjects\ExcelTools\excel\file\config.ini
2019-10-09 10:16:06,989 - file - INFO - config path is: C:\Users\xjchenaf\PycharmProjects\ExcelTools\excel\file\config.ini
2019-10-09 10:16:07,019 - file - INFO - get config info section:Weight - key:weight_sheet_name - value:权重
2019-10-09 10:16:07,019 - file - INFO - get config info section:Weight - key:weight_sheet_name - value:权重
2019-10-09 10:16:07,019 - file - INFO - get config info section:Default - key:Cost_Center_Name - value:成都企业IT部|杭州企业IT部|深圳企业IT部|西安企业IT部|南京企业IT部|北京企业IT部|苏州企业IT部
2019-10-09 10:16:07,019 - file - INFO - get config info section:Default - key:Cost_Center_Name - value:成都企业IT部|杭州企业IT部|深圳企业IT部|西安企业IT部|南京企业IT部|北京企业IT部|苏州企业IT部
2019-10-09 10:16:46,848 - file - INFO - config path is: C:\Users\xjchenaf\PycharmProjects\ExcelTools\excel\file\config.ini
2019-10-09 10:16:46,848 - file - INFO - config path is: C:\Users\xjchenaf\PycharmProjects\ExcelTools\excel\file\config.ini
2019-10-09 10:16:46,880 - file - INFO - get config info section:Weight - key:weight_sheet_name - value:权重
2019-10-09 10:16:46,880 - file - INFO - get config info section:Weight - key:weight_sheet_name - value:权重
2019-10-09 10:16:46,881 - file - INFO - get config info section:Default - key:Cost_Center_Name - value:成都企业IT部|杭州企业IT部|深圳企业IT部|西安企业IT部|南京企业IT部|北京企业IT部|苏州企业IT部
2019-10-09 10:16:46,881 - file - INFO - get config info section:Default - key:Cost_Center_Name - value:成都企业IT部|杭州企业IT部|深圳企业IT部|西安企业IT部|南京企业IT部|北京企业IT部|苏州企业IT部
2019-10-09 10:17:20,408 - file - INFO - config path is: C:\Users\xjchenaf\PycharmProjects\ExcelTools\excel\file\config.ini
2019-10-09 10:17:20,408 - file - INFO - config path is: C:\Users\xjchenaf\PycharmProjects\ExcelTools\excel\file\config.ini
2019-10-09 10:17:20,437 - file - INFO - get config info section:Weight - key:weight_sheet_name - value:权重
2019-10-09 10:17:20,437 - file - INFO - get config info section:Weight - key:weight_sheet_name - value:权重
2019-10-09 10:17:20,438 - file - INFO - get config info section:Default - key:Cost_Center_Name - value:成都企业IT部|杭州企业IT部|深圳企业IT部|西安企业IT部|南京企业IT部|北京企业IT部|苏州企业IT部
2019-10-09 10:17:20,438 - file - INFO - get config info section:Default - key:Cost_Center_Name - value:成都企业IT部|杭州企业IT部|深圳企业IT部|西安企业IT部|南京企业IT部|北京企业IT部|苏州企业IT部
2019-10-09 10:17:25,413 - file - INFO - config path is: C:\Users\xjchenaf\PycharmProjects\ExcelTools\excel\file\config.ini
2019-10-09 10:17:25,413 - file - INFO - config path is: C:\Users\xjchenaf\PycharmProjects\ExcelTools\excel\file\config.ini
2019-10-09 10:17:25,443 - file - INFO - get config info section:Weight - key:weight_sheet_name - value:权重
2019-10-09 10:17:25,443 - file - INFO - get config info section:Weight - key:weight_sheet_name - value:权重
2019-10-09 10:17:25,444 - file - INFO - get config info section:Default - key:Cost_Center_Name - value:成都企业IT部|杭州企业IT部|深圳企业IT部|西安企业IT部|南京企业IT部|北京企业IT部|苏州企业IT部
2019-10-09 10:17:25,444 - file - INFO - get config info section:Default - key:Cost_Center_Name - value:成都企业IT部|杭州企业IT部|深圳企业IT部|西安企业IT部|南京企业IT部|北京企业IT部|苏州企业IT部
2019-10-09 10:17:37,857 - file - INFO - config path is: C:\Users\xjchenaf\PycharmProjects\ExcelTools\excel\file\config.ini
2019-10-09 10:17:37,857 - file - INFO - config path is: C:\Users\xjchenaf\PycharmProjects\ExcelTools\excel\file\config.ini
2019-10-09 10:17:37,887 - file - INFO - get config info section:Weight - key:weight_sheet_name - value:权重
2019-10-09 10:17:37,887 - file - INFO - get config info section:Weight - key:weight_sheet_name - value:权重
2019-10-09 10:17:37,888 - file - INFO - get config info section:Default - key:Cost_Center_Name - value:成都企业IT部|杭州企业IT部|深圳企业IT部|西安企业IT部|南京企业IT部|北京企业IT部|苏州企业IT部
2019-10-09 10:17:37,888 - file - INFO - get config info section:Default - key:Cost_Center_Name - value:成都企业IT部|杭州企业IT部|深圳企业IT部|西安企业IT部|南京企业IT部|北京企业IT部|苏州企业IT部
2019-10-09 10:22:30,653 - file - INFO - config path is: C:\Users\xjchenaf\PycharmProjects\ExcelTools\excel\file\config.ini
2019-10-09 10:22:30,653 - file - INFO - config path is: C:\Users\xjchenaf\PycharmProjects\ExcelTools\excel\file\config.ini
2019-10-09 10:22:30,683 - file - INFO - get config info section:Weight - key:weight_sheet_name - value:权重
2019-10-09 10:22:30,683 - file - INFO - get config info section:Weight - key:weight_sheet_name - value:权重
2019-10-09 10:22:30,684 - file - INFO - get config info section:Default - key:Cost_Center_Name - value:成都企业IT部|杭州企业IT部|深圳企业IT部|西安企业IT部|南京企业IT部|北京企业IT部|苏州企业IT部
2019-10-09 10:22:30,684 - file - INFO - get config info section:Default - key:Cost_Center_Name - value:成都企业IT部|杭州企业IT部|深圳企业IT部|西安企业IT部|南京企业IT部|北京企业IT部|苏州企业IT部
2019-10-09 10:22:53,992 - file - INFO - config path is: C:\Users\xjchenaf\PycharmProjects\ExcelTools\excel\file\config.ini
2019-10-09 10:22:53,992 - file - INFO - config path is: C:\Users\xjchenaf\PycharmProjects\ExcelTools\excel\file\config.ini
2019-10-09 10:22:54,020 - file - INFO - get config info section:Weight - key:weight_sheet_name - value:权重
2019-10-09 10:22:54,020 - file - INFO - get config info section:Weight - key:weight_sheet_name - value:权重
2019-10-09 10:22:54,022 - file - INFO - get config info section:Default - key:Cost_Center_Name - value:成都企业IT部|杭州企业IT部|深圳企业IT部|西安企业IT部|南京企业IT部|北京企业IT部|苏州企业IT部
2019-10-09 10:22:54,022 - file - INFO - get config info section:Default - key:Cost_Center_Name - value:成都企业IT部|杭州企业IT部|深圳企业IT部|西安企业IT部|南京企业IT部|北京企业IT部|苏州企业IT部
2019-10-09 10:23:17,961 - file - INFO - config path is: C:\Users\xjchenaf\PycharmProjects\ExcelTools\excel\file\config.ini
2019-10-09 10:23:17,961 - file - INFO - config path is: C:\Users\xjchenaf\PycharmProjects\ExcelTools\excel\file\config.ini
2019-10-09 10:23:17,990 - file - INFO - get config info section:Weight - key:weight_sheet_name - value:权重
2019-10-09 10:23:17,990 - file - INFO - get config info section:Weight - key:weight_sheet_name - value:权重
2019-10-09 10:23:17,992 - file - INFO - get config info section:Default - key:Cost_Center_Name - value:成都企业IT部|杭州企业IT部|深圳企业IT部|西安企业IT部|南京企业IT部|北京企业IT部|苏州企业IT部
2019-10-09 10:23:17,992 - file - INFO - get config info section:Default - key:Cost_Center_Name - value:成都企业IT部|杭州企业IT部|深圳企业IT部|西安企业IT部|南京企业IT部|北京企业IT部|苏州企业IT部
2019-10-09 10:23:25,240 - file - INFO - config path is: C:\Users\xjchenaf\PycharmProjects\ExcelTools\excel\file\config.ini
2019-10-09 10:23:25,240 - file - INFO - config path is: C:\Users\xjchenaf\PycharmProjects\ExcelTools\excel\file\config.ini
2019-10-09 10:23:25,269 - file - INFO - get config info section:Weight - key:weight_sheet_name - value:权重
2019-10-09 10:23:25,269 - file - INFO - get config info section:Weight - key:weight_sheet_name - value:权重
2019-10-09 10:23:25,269 - file - INFO - get config info section:Default - key:Cost_Center_Name - value:成都企业IT部|杭州企业IT部|深圳企业IT部|西安企业IT部|南京企业IT部|北京企业IT部|苏州企业IT部
2019-10-09 10:23:25,269 - file - INFO - get config info section:Default - key:Cost_Center_Name - value:成都企业IT部|杭州企业IT部|深圳企业IT部|西安企业IT部|南京企业IT部|北京企业IT部|苏州企业IT部
2019-10-09 10:23:29,243 - file - INFO - config path is: C:\Users\xjchenaf\PycharmProjects\ExcelTools\excel\file\config.ini
2019-10-09 10:23:29,243 - file - INFO - config path is: C:\Users\xjchenaf\PycharmProjects\ExcelTools\excel\file\config.ini
2019-10-09 10:23:29,272 - file - INFO - get config info section:Weight - key:weight_sheet_name - value:权重
2019-10-09 10:23:29,272 - file - INFO - get config info section:Weight - key:weight_sheet_name - value:权重
2019-10-09 10:23:29,273 - file - INFO - get config info section:Default - key:Cost_Center_Name - value:成都企业IT部|杭州企业IT部|深圳企业IT部|西安企业IT部|南京企业IT部|北京企业IT部|苏州企业IT部
2019-10-09 10:23:29,273 - file - INFO - get config info section:Default - key:Cost_Center_Name - value:成都企业IT部|杭州企业IT部|深圳企业IT部|西安企业IT部|南京企业IT部|北京企业IT部|苏州企业IT部
2019-10-09 10:23:44,630 - file - INFO - config path is: C:\Users\xjchenaf\PycharmProjects\ExcelTools\excel\file\config.ini
2019-10-09 10:23:44,630 - file - INFO - config path is: C:\Users\xjchenaf\PycharmProjects\ExcelTools\excel\file\config.ini
2019-10-09 10:23:44,657 - file - INFO - get config info section:Weight - key:weight_sheet_name - value:权重
2019-10-09 10:23:44,657 - file - INFO - get config info section:Weight - key:weight_sheet_name - value:权重
2019-10-09 10:23:44,658 - file - INFO - get config info section:Default - key:Cost_Center_Name - value:成都企业IT部|杭州企业IT部|深圳企业IT部|西安企业IT部|南京企业IT部|北京企业IT部|苏州企业IT部
2019-10-09 10:23:44,658 - file - INFO - get config info section:Default - key:Cost_Center_Name - value:成都企业IT部|杭州企业IT部|深圳企业IT部|西安企业IT部|南京企业IT部|北京企业IT部|苏州企业IT部
2019-10-09 10:24:04,592 - file - INFO - config path is: C:\Users\xjchenaf\PycharmProjects\ExcelTools\excel\file\config.ini
2019-10-09 10:24:04,592 - file - INFO - config path is: C:\Users\xjchenaf\PycharmProjects\ExcelTools\excel\file\config.ini
2019-10-09 10:24:04,621 - file - INFO - get config info section:Weight - key:weight_sheet_name - value:权重
2019-10-09 10:24:04,621 - file - INFO - get config info section:Weight - key:weight_sheet_name - value:权重
2019-10-09 10:24:04,621 - file - INFO - get config info section:Default - key:Cost_Center_Name - value:成都企业IT部|杭州企业IT部|深圳企业IT部|西安企业IT部|南京企业IT部|北京企业IT部|苏州企业IT部
2019-10-09 10:24:04,621 - file - INFO - get config info section:Default - key:Cost_Center_Name - value:成都企业IT部|杭州企业IT部|深圳企业IT部|西安企业IT部|南京企业IT部|北京企业IT部|苏州企业IT部
2019-10-09 10:24:13,545 - file - INFO - config path is: C:\Users\xjchenaf\PycharmProjects\ExcelTools\excel\file\config.ini
2019-10-09 10:24:13,545 - file - INFO - config path is: C:\Users\xjchenaf\PycharmProjects\ExcelTools\excel\file\config.ini
2019-10-09 10:24:13,573 - file - INFO - get config info section:Weight - key:weight_sheet_name - value:权重
2019-10-09 10:24:13,573 - file - INFO - get config info section:Weight - key:weight_sheet_name - value:权重
2019-10-09 10:24:13,575 - file - INFO - get config info section:Default - key:Cost_Center_Name - value:成都企业IT部|杭州企业IT部|深圳企业IT部|西安企业IT部|南京企业IT部|北京企业IT部|苏州企业IT部
2019-10-09 10:24:13,575 - file - INFO - get config info section:Default - key:Cost_Center_Name - value:成都企业IT部|杭州企业IT部|深圳企业IT部|西安企业IT部|南京企业IT部|北京企业IT部|苏州企业IT部
2019-10-09 10:30:08,224 - file - INFO - config path is: C:\Users\xjchenaf\PycharmProjects\ExcelTools\excel\file\config.ini
2019-10-09 10:30:08,224 - file - INFO - config path is: C:\Users\xjchenaf\PycharmProjects\ExcelTools\excel\file\config.ini
2019-10-09 10:30:08,252 - file - INFO - get config info section:Weight - key:weight_sheet_name - value:权重
2019-10-09 10:30:08,252 - file - INFO - get config info section:Weight - key:weight_sheet_name - value:权重
2019-10-09 10:30:37,635 - file - INFO - get config info section:Default - key:Cost_Center_Name - value:成都企业IT部|杭州企业IT部|深圳企业IT部|西安企业IT部|南京企业IT部|北京企业IT部|苏州企业IT部
2019-10-09 10:30:37,635 - file - INFO - get config info section:Default - key:Cost_Center_Name - value:成都企业IT部|杭州企业IT部|深圳企业IT部|西安企业IT部|南京企业IT部|北京企业IT部|苏州企业IT部
2019-10-09 10:31:20,657 - file - INFO - config path is: C:\Users\xjchenaf\PycharmProjects\ExcelTools\excel\file\config.ini
2019-10-09 10:31:20,657 - file - INFO - config path is: C:\Users\xjchenaf\PycharmProjects\ExcelTools\excel\file\config.ini
2019-10-09 10:31:20,684 - file - INFO - get config info section:Weight - key:weight_sheet_name - value:权重
2019-10-09 10:31:20,684 - file - INFO - get config info section:Weight - key:weight_sheet_name - value:权重
2019-10-09 10:31:57,670 - file - INFO - get config info section:Default - key:Cost_Center_Name - value:成都企业IT部|杭州企业IT部|深圳企业IT部|西安企业IT部|南京企业IT部|北京企业IT部|苏州企业IT部
2019-10-09 10:31:57,670 - file - INFO - get config info section:Default - key:Cost_Center_Name - value:成都企业IT部|杭州企业IT部|深圳企业IT部|西安企业IT部|南京企业IT部|北京企业IT部|苏州企业IT部
2019-10-09 10:32:10,799 - file - INFO - config path is: C:\Users\xjchenaf\PycharmProjects\ExcelTools\excel\file\config.ini
2019-10-09 10:32:10,799 - file - INFO - config path is: C:\Users\xjchenaf\PycharmProjects\ExcelTools\excel\file\config.ini
2019-10-09 10:32:10,828 - file - INFO - get config info section:Weight - key:weight_sheet_name - value:权重
2019-10-09 10:32:10,828 - file - INFO - get config info section:Weight - key:weight_sheet_name - value:权重
2019-10-09 10:32:15,987 - file - INFO - get config info section:Default - key:Cost_Center_Name - value:成都企业IT部|杭州企业IT部|深圳企业IT部|西安企业IT部|南京企业IT部|北京企业IT部|苏州企业IT部
2019-10-09 10:32:15,987 - file - INFO - get config info section:Default - key:Cost_Center_Name - value:成都企业IT部|杭州企业IT部|深圳企业IT部|西安企业IT部|南京企业IT部|北京企业IT部|苏州企业IT部
2019-10-09 10:33:58,226 - file - INFO - config path is: C:\Users\xjchenaf\PycharmProjects\ExcelTools\excel\file\config.ini
2019-10-09 10:33:58,226 - file - INFO - config path is: C:\Users\xjchenaf\PycharmProjects\ExcelTools\excel\file\config.ini
2019-10-09 10:33:58,253 - file - INFO - get config info section:Weight - key:weight_sheet_name - value:权重
2019-10-09 10:33:58,253 - file - INFO - get config info section:Weight - key:weight_sheet_name - value:权重
2019-10-09 10:33:59,690 - file - INFO - get config info section:Default - key:Cost_Center_Name - value:成都企业IT部|杭州企业IT部|深圳企业IT部|西安企业IT部|南京企业IT部|北京企业IT部|苏州企业IT部
2019-10-09 10:33:59,690 - file - INFO - get config info section:Default - key:Cost_Center_Name - value:成都企业IT部|杭州企业IT部|深圳企业IT部|西安企业IT部|南京企业IT部|北京企业IT部|苏州企业IT部
2019-10-09 10:34:54,374 - file - INFO - config path is: C:\Users\xjchenaf\PycharmProjects\ExcelTools\excel\file\config.ini
2019-10-09 10:34:54,374 - file - INFO - config path is: C:\Users\xjchenaf\PycharmProjects\ExcelTools\excel\file\config.ini
2019-10-09 10:34:54,400 - file - INFO - get config info section:Weight - key:weight_sheet_name - value:权重
2019-10-09 10:34:54,400 - file - INFO - get config info section:Weight - key:weight_sheet_name - value:权重
2019-10-09 10:34:58,457 - file - INFO - config path is: C:\Users\xjchenaf\PycharmProjects\ExcelTools\excel\file\config.ini
2019-10-09 10:34:58,457 - file - INFO - config path is: C:\Users\xjchenaf\PycharmProjects\ExcelTools\excel\file\config.ini
2019-10-09 10:34:58,486 - file - INFO - get config info section:Weight - key:weight_sheet_name - value:权重
2019-10-09 10:34:58,486 - file - INFO - get config info section:Weight - key:weight_sheet_name - value:权重
2019-10-09 10:34:58,486 - file - INFO - get config info section:Default - key:Cost_Center_Name - value:成都企业IT部|杭州企业IT部|深圳企业IT部|西安企业IT部|南京企业IT部|北京企业IT部|苏州企业IT部
2019-10-09 10:34:58,486 - file - INFO - get config info section:Default - key:Cost_Center_Name - value:成都企业IT部|杭州企业IT部|深圳企业IT部|西安企业IT部|南京企业IT部|北京企业IT部|苏州企业IT部
2019-10-09 10:35:11,354 - file - INFO - config path is: C:\Users\xjchenaf\PycharmProjects\ExcelTools\excel\file\config.ini
2019-10-09 10:35:11,354 - file - INFO - config path is: C:\Users\xjchenaf\PycharmProjects\ExcelTools\excel\file\config.ini
2019-10-09 10:35:11,384 - file - INFO - get config info section:Weight - key:weight_sheet_name - value:权重
2019-10-09 10:35:11,384 - file - INFO - get config info section:Weight - key:weight_sheet_name - value:权重
2019-10-09 10:35:11,384 - file - INFO - get config info section:Default - key:Cost_Center_Name - value:成都企业IT部|杭州企业IT部|深圳企业IT部|西安企业IT部|南京企业IT部|北京企业IT部|苏州企业IT部
2019-10-09 10:35:11,384 - file - INFO - get config info section:Default - key:Cost_Center_Name - value:成都企业IT部|杭州企业IT部|深圳企业IT部|西安企业IT部|南京企业IT部|北京企业IT部|苏州企业IT部
2019-10-09 10:35:27,680 - file - INFO - config path is: C:\Users\xjchenaf\PycharmProjects\ExcelTools\excel\file\config.ini
2019-10-09 10:35:27,680 - file - INFO - config path is: C:\Users\xjchenaf\PycharmProjects\ExcelTools\excel\file\config.ini
2019-10-09 10:35:27,709 - file - INFO - get config info section:Weight - key:weight_sheet_name - value:权重
2019-10-09 10:35:27,709 - file - INFO - get config info section:Weight - key:weight_sheet_name - value:权重
2019-10-09 10:35:27,710 - file - INFO - get config info section:Default - key:Cost_Center_Name - value:成都企业IT部|杭州企业IT部|深圳企业IT部|西安企业IT部|南京企业IT部|北京企业IT部|苏州企业IT部
2019-10-09 10:35:27,710 - file - INFO - get config info section:Default - key:Cost_Center_Name - value:成都企业IT部|杭州企业IT部|深圳企业IT部|西安企业IT部|南京企业IT部|北京企业IT部|苏州企业IT部
2019-10-09 10:44:38,042 - file - INFO - config path is: C:\Users\xjchenaf\PycharmProjects\ExcelTools\excel\file\config.ini
2019-10-09 10:44:38,042 - file - INFO - config path is: C:\Users\xjchenaf\PycharmProjects\ExcelTools\excel\file\config.ini
2019-10-09 10:44:38,072 - file - INFO - get config info section:Weight - key:weight_sheet_name - value:权重
2019-10-09 10:44:38,072 - file - INFO - get config info section:Weight - key:weight_sheet_name - value:权重
2019-10-09 10:44:38,072 - file - INFO - get config info section:Default - key:Cost_Center_Name - value:成都企业IT部|杭州企业IT部|深圳企业IT部|西安企业IT部|南京企业IT部|北京企业IT部|苏州企业IT部
2019-10-09 10:44:38,072 - file - INFO - get config info section:Default - key:Cost_Center_Name - value:成都企业IT部|杭州企业IT部|深圳企业IT部|西安企业IT部|南京企业IT部|北京企业IT部|苏州企业IT部
